<?xml version="1.0" encoding="UTF-8"?>
<!-- Generated by org.testng.reporters.JUnitReportReporter -->
<testsuite skipped="0" hostname="DESKTOP-M2JB44L" name="com.zee5.PWASanityScripts.WebPWASanityScript" tests="1" failures="0" timestamp="2021-05-04T20:44:42 IST" time="199.122" errors="0">
  <testcase name="comboOffer" time="199.122" classname="com.zee5.PWASanityScripts.WebPWASanityScript"/>
  <system-out/>
</testsuite> <!-- com.zee5.PWASanityScripts.WebPWASanityScript -->
