<?xml version="1.0" encoding="UTF-8"?>
<!-- Generated by org.testng.reporters.JUnitReportReporter -->
<testsuite hostname="DESKTOP-Q3CJFLA" name="com.zee5.PWASanityScripts.WebPWASanityScript" tests="1" failures="0" timestamp="3 Sep 2020 17:48:48 GMT" time="0.037" errors="0">
  <testcase name="PWAWEBLogin" time="0.037" classname="com.zee5.PWASanityScripts.WebPWASanityScript"/>
</testsuite> <!-- com.zee5.PWASanityScripts.WebPWASanityScript -->
